"scanner.l", line 1: bad character: /
"scanner.l", line 1: bad character: /
"scanner.l", line 1: unknown error processing section 1
flex version 2.5.4 usage statistics:
  scanner options: -bdpsvI8 -Cem -oyylex.c
  226/2000 NFA states
  0/1000 DFA states (0 words)
  43 rules
  No backing up
  1/40 start conditions
  128 epsilon states, 49 double epsilon states
  5/100 character classes needed 66/500 words of storage, 2 reused
  0 state/nextstate pairs created
  0/0 unique/duplicate transitions
  0/1000 base-def entries created
  0/2000 (peak 0) nxt-chk entries created
  0/2500 (peak 0) template nxt-chk entries created
  0 empty table entries
  0 protos created
  0 templates created, 0 uses
  0/256 equivalence classes created
  0/256 meta-equivalence classes created
  0 (0 saved) hash collisions, 0 DFAs equal
  0 sets of reallocations needed
  256 total table entries needed
